Base path: C:/Program Files/Unity/Editor/Data
Cmd: initializeCompiler
Cmd: compileComputeKernel
  api=4 insize=13247 outsize=17725 ok=1
Cmd: compileComputeKernel
  api=4 insize=13247 outsize=35769 ok=1
Cmd: compileComputeKernel
  api=4 insize=13247 outsize=20309 ok=1
Cmd: compileComputeKernel
  api=4 insize=13247 outsize=18017 ok=1
Cmd: compileComputeKernel
  api=4 insize=13247 outsize=44929 ok=1
Cmd: compileComputeKernel
  api=4 insize=13247 outsize=26657 ok=1
Cmd: compileComputeKernel
  api=4 insize=13247 outsize=17425 ok=1
Cmd: compileComputeKernel
  api=4 insize=13247 outsize=44157 ok=1
Cmd: compileComputeKernel
  api=4 insize=13247 outsize=29849 ok=1
Cmd: compileComputeKernel
  api=4 insize=13247 outsize=46581 ok=1
Cmd: compileComputeKernel
  api=4 insize=25381 outsize=15709 ok=1
Cmd: compileComputeKernel
  api=4 insize=5022 outsize=9129 ok=1
Cmd: compileComputeKernel
  api=4 insize=18731 outsize=8781 ok=1
Cmd: compileComputeKernel
  api=4 insize=1470 outsize=577 ok=1
Cmd: compileComputeKernel
  api=4 insize=2953 outsize=353 ok=1
Cmd: compileComputeKernel
  api=4 insize=32699 outsize=43849 ok=1
Cmd: compileComputeKernel
  api=4 insize=15985 outsize=14313 ok=1
Cmd: compileComputeKernel
  api=4 insize=16784 outsize=4729 ok=1
Cmd: compileComputeKernel
  api=4 insize=16784 outsize=5233 ok=1
Cmd: compileComputeKernel
  api=4 insize=16784 outsize=6625 ok=1
Cmd: compileComputeKernel
  api=4 insize=16784 outsize=8469 ok=1
Cmd: compileComputeKernel
  api=4 insize=16784 outsize=9757 ok=1
Cmd: compileComputeKernel
  api=4 insize=16784 outsize=7765 ok=1
Cmd: compileComputeKernel
  api=4 insize=16784 outsize=9485 ok=1
Cmd: compileComputeKernel
  api=4 insize=16784 outsize=9789 ok=1
Cmd: initializeCompiler
Unhandled exception: Protocol error - unexpected end of data (did the Editor crash?)

Quitting shader compiler process
