Base path: C:/Program Files/Unity/Editor/Data
Cmd: initializeCompiler
Cmd: compileComputeKernel
  api=4 insize=13247 outsize=72365 ok=1
Cmd: compileComputeKernel
  api=4 insize=13247 outsize=29649 ok=1
Cmd: compileComputeKernel
  api=4 insize=13247 outsize=19513 ok=1
Cmd: compileComputeKernel
  api=4 insize=13247 outsize=26021 ok=1
Cmd: compileComputeKernel
  api=4 insize=13247 outsize=55617 ok=1
Cmd: compileComputeKernel
  api=4 insize=13247 outsize=74317 ok=1
Cmd: compileComputeKernel
  api=4 insize=25381 outsize=14653 ok=1
Cmd: compileComputeKernel
  api=4 insize=11176 outsize=10593 ok=1
Cmd: compileComputeKernel
  api=4 insize=18731 outsize=8545 ok=1
Cmd: compileComputeKernel
  api=4 insize=18144 outsize=14241 ok=1
Cmd: compileComputeKernel
  api=4 insize=1470 outsize=561 ok=1
Cmd: compileComputeKernel
  api=4 insize=5591 outsize=6445 ok=1
Cmd: compileComputeKernel
  api=4 insize=32699 outsize=32649 ok=1
Cmd: compileComputeKernel
  api=4 insize=2120 outsize=1037 ok=1
Cmd: compileComputeKernel
  api=4 insize=16784 outsize=6505 ok=1
Cmd: compileComputeKernel
  api=4 insize=16784 outsize=7397 ok=1
Cmd: compileComputeKernel
  api=4 insize=16784 outsize=7333 ok=1
Cmd: compileComputeKernel
  api=4 insize=16784 outsize=9301 ok=1
Cmd: compileComputeKernel
  api=4 insize=16784 outsize=7069 ok=1
Cmd: compileComputeKernel
  api=4 insize=16784 outsize=8849 ok=1
Cmd: compileComputeKernel
  api=4 insize=16784 outsize=8277 ok=1
Cmd: compileComputeKernel
  api=4 insize=16784 outsize=10773 ok=1
Cmd: initializeCompiler
Unhandled exception: Protocol error - unexpected end of data (did the Editor crash?)

Quitting shader compiler process
