Base path: C:/Program Files/Unity/Editor/Data
Cmd: initializeCompiler
Cmd: compileComputeKernel
  api=4 insize=13247 outsize=70569 ok=1
Cmd: compileComputeKernel
  api=4 insize=13247 outsize=28061 ok=1
Cmd: compileComputeKernel
  api=4 insize=13247 outsize=44801 ok=1
Cmd: compileComputeKernel
  api=4 insize=13247 outsize=22089 ok=1
Cmd: compileComputeKernel
  api=4 insize=13247 outsize=28597 ok=1
Cmd: compileComputeKernel
  api=4 insize=13247 outsize=21917 ok=1
Cmd: compileComputeKernel
  api=4 insize=13247 outsize=28413 ok=1
Cmd: compileComputeKernel
  api=4 insize=25381 outsize=16225 ok=1
Cmd: compileComputeKernel
  api=4 insize=11176 outsize=9849 ok=1
Cmd: compileComputeKernel
  api=4 insize=5022 outsize=4101 ok=1
Cmd: compileComputeKernel
  api=4 insize=3532 outsize=2581 ok=1
Cmd: compileComputeKernel
  api=4 insize=5330 outsize=6445 ok=1
Cmd: compileComputeKernel
  api=4 insize=18731 outsize=10469 ok=1
Cmd: compileComputeKernel
  api=4 insize=32699 outsize=43885 ok=1
Cmd: compileComputeKernel
  api=4 insize=16784 outsize=6893 ok=1
Cmd: compileComputeKernel
  api=4 insize=16784 outsize=7029 ok=1
Cmd: compileComputeKernel
  api=4 insize=16784 outsize=9673 ok=1
Cmd: compileComputeKernel
  api=4 insize=16784 outsize=7573 ok=1
Cmd: compileComputeKernel
  api=4 insize=16784 outsize=7381 ok=1
Cmd: compileComputeKernel
  api=4 insize=16784 outsize=8957 ok=1
Cmd: compileComputeKernel
  api=4 insize=16784 outsize=9261 ok=1
Cmd: initializeCompiler
Unhandled exception: Protocol error - unexpected end of data (did the Editor crash?)

Quitting shader compiler process
