Base path: C:/Program Files/Unity/Editor/Data
Cmd: initializeCompiler
Cmd: compileComputeKernel
  api=4 insize=13247 outsize=20629 ok=1
Cmd: compileComputeKernel
  api=4 insize=13247 outsize=24225 ok=1
Cmd: compileComputeKernel
  api=4 insize=13247 outsize=30157 ok=1
Cmd: compileComputeKernel
  api=4 insize=13247 outsize=26801 ok=1
Cmd: compileComputeKernel
  api=4 insize=13247 outsize=35365 ok=1
Cmd: compileComputeKernel
  api=4 insize=13247 outsize=18109 ok=1
Cmd: compileComputeKernel
  api=4 insize=13247 outsize=20641 ok=1
Cmd: compileComputeKernel
  api=4 insize=13247 outsize=28949 ok=1
Cmd: compileComputeKernel
  api=4 insize=13247 outsize=37449 ok=1
Cmd: compileComputeKernel
  api=4 insize=13247 outsize=46725 ok=1
Cmd: compileComputeKernel
  api=4 insize=25381 outsize=16421 ok=1
Cmd: compileComputeKernel
  api=4 insize=2134 outsize=1517 ok=1
Cmd: compileComputeKernel
  api=4 insize=1226 outsize=781 ok=1
Cmd: compileComputeKernel
  api=4 insize=6933 outsize=15417 ok=1
Cmd: compileComputeKernel
  api=4 insize=5022 outsize=3733 ok=1
Cmd: compileComputeKernel
  api=4 insize=18731 outsize=8693 ok=1
Cmd: compileComputeKernel
  api=4 insize=32699 outsize=46241 ok=1
Cmd: compileComputeKernel
  api=4 insize=1505 outsize=597 ok=1
Cmd: compileComputeKernel
  api=4 insize=16784 outsize=6121 ok=1
Cmd: compileComputeKernel
  api=4 insize=16784 outsize=7009 ok=1
Cmd: compileComputeKernel
  api=4 insize=16784 outsize=9453 ok=1
Cmd: compileComputeKernel
  api=4 insize=16784 outsize=6565 ok=1
Cmd: compileComputeKernel
  api=4 insize=16784 outsize=8269 ok=1
Cmd: compileComputeKernel
  api=4 insize=16784 outsize=7973 ok=1
Cmd: compileComputeKernel
  api=4 insize=16784 outsize=10925 ok=1
Cmd: initializeCompiler
Unhandled exception: Protocol error - unexpected end of data (did the Editor crash?)

Quitting shader compiler process
