Base path: C:/Program Files/Unity/Editor/Data
Cmd: initializeCompiler
Cmd: compileComputeKernel
  api=4 insize=13247 outsize=89437 ok=1
Cmd: compileComputeKernel
  api=4 insize=13247 outsize=20345 ok=1
Cmd: compileComputeKernel
  api=4 insize=13247 outsize=31245 ok=1
Cmd: compileComputeKernel
  api=4 insize=13247 outsize=20541 ok=1
Cmd: compileComputeKernel
  api=4 insize=13247 outsize=31321 ok=1
Cmd: compileComputeKernel
  api=4 insize=6933 outsize=4481 ok=1
Cmd: compileComputeKernel
  api=4 insize=18731 outsize=8553 ok=1
Cmd: compileComputeKernel
  api=4 insize=18731 outsize=10549 ok=1
Cmd: compileComputeKernel
  api=4 insize=2868 outsize=897 ok=1
Cmd: compileComputeKernel
  api=4 insize=18144 outsize=14613 ok=1
Cmd: compileComputeKernel
  api=4 insize=32699 outsize=30237 ok=1
Cmd: compileComputeKernel
  api=4 insize=7414 outsize=2077 ok=1
Cmd: compileComputeKernel
  api=4 insize=15985 outsize=14349 ok=1
Cmd: compileComputeKernel
  api=4 insize=2120 outsize=1033 ok=1
Cmd: compileComputeKernel
  api=4 insize=16784 outsize=5425 ok=1
Cmd: compileComputeKernel
  api=4 insize=16784 outsize=5929 ok=1
Cmd: compileComputeKernel
  api=4 insize=16784 outsize=7485 ok=1
Cmd: compileComputeKernel
  api=4 insize=16784 outsize=7789 ok=1
Cmd: compileComputeKernel
  api=4 insize=16784 outsize=9977 ok=1
Cmd: compileComputeKernel
  api=4 insize=16784 outsize=8773 ok=1
Cmd: compileComputeKernel
  api=4 insize=16784 outsize=11145 ok=1
Cmd: initializeCompiler
Unhandled exception: Protocol error - unexpected end of data (did the Editor crash?)

Quitting shader compiler process
